<?xml version="1.0" encoding="UTF-8" ?>
<testsuite tests="5" failures="0" name="analysis.AnalyserTest" time="0.611" errors="0" skipped="0">
  <properties>
[...]
</properties>
  <testcase classname="analysis.AnalyserTest" name="testBadSentiment" time="0.532"/>
  <testcase classname="analysis.AnalyserTest" name="testSoSoSentiment" time="0.023"/>
  <testcase classname="analysis.AnalyserTest" name="testVeryBadSentiment" time="0.015"/>
  <testcase classname="analysis.AnalyserTest" name="testGoodSentiment" time="0.028"/>
  <testcase classname="analysis.AnalyserTest" name="testVeryGoodSentiment" time="0.013"/>
</testsuite>